[debug] [2026-04-10T08:31:41.062Z] ----------------------------------------------------------------------
[debug] [2026-04-10T08:31:41.064Z] Command:       /home/miguel/.local/share/fnm/node-versions/v24.14.1/installation/bin/node /home/miguel/projects/coaster/node_modules/.bin/firebase emulators:start --only auth
[debug] [2026-04-10T08:31:41.064Z] CLI Version:   15.13.0
[debug] [2026-04-10T08:31:41.064Z] Platform:      linux
[debug] [2026-04-10T08:31:41.064Z] Node Version:  v24.14.1
[debug] [2026-04-10T08:31:41.064Z] Time:          Fri Apr 10 2026 10:31:41 GMT+0200 (Central European Summer Time)
[debug] [2026-04-10T08:31:41.064Z] ----------------------------------------------------------------------
[debug] 
[debug] [2026-04-10T08:31:41.067Z] >>> [apiv2][query] GET https://firebase-public.firebaseio.com/cli.json [none]
[debug] [2026-04-10T08:31:42.137Z] > command requires scopes: ["email","openid","https://www.googleapis.com/auth/cloudplatformprojects.readonly","https://www.googleapis.com/auth/firebase","https://www.googleapis.com/auth/cloud-platform"]
[debug] [2026-04-10T08:31:42.137Z] > authorizing via signed-in user (miguelmoyaortega@gmail.com)
[info] i  emulators: Starting emulators: auth {"metadata":{"emulator":{"name":"hub"},"message":"Starting emulators: auth"}}
[debug] [2026-04-10T08:31:42.187Z] assigned listening specs for emulators {"user":{"hub":[{"address":"127.0.0.1","family":"IPv4","port":4400}],"ui":[{"address":"127.0.0.1","family":"IPv4","port":4000}],"logging":[{"address":"127.0.0.1","family":"IPv4","port":4500}],"auth":[{"address":"127.0.0.1","family":"IPv4","port":9099}]},"metadata":{"message":"assigned listening specs for emulators"}}
[debug] [2026-04-10T08:31:42.197Z] Write emulator hub locator at /tmp/hub-coaster-437f2.json
[debug] [2026-04-10T08:31:49.069Z] Could not find VSCode notification endpoint: FetchError: request to http://localhost:40001/vscode/notify failed, reason: connect ECONNREFUSED 127.0.0.1:40001. If you are not running the Firebase Data Connect VSCode extension, this is expected and not an issue.
[info] 
┌─────────────────────────────────────────────────────────────┐
│ ✔  All emulators ready! It is now safe to connect your app. │
│ i  View Emulator UI at http://127.0.0.1:4000/               │
└─────────────────────────────────────────────────────────────┘

┌────────────────┬────────────────┬────────────────────────────┐
│ Emulator       │ Host:Port      │ View in Emulator UI        │
├────────────────┼────────────────┼────────────────────────────┤
│ Authentication │ 127.0.0.1:9099 │ http://127.0.0.1:4000/auth │
└────────────────┴────────────────┴────────────────────────────┘
  Emulator Hub host: 127.0.0.1 port: 4400
  Other reserved ports: 4500

Issues? Report them at https://github.com/firebase/firebase-tools/issues and attach the *-debug.log files.
 
[debug] [2026-04-10T08:31:49.289Z] <<< [apiv2][status] GET https://firebase-public.firebaseio.com/cli.json 200
[debug] [2026-04-10T08:31:49.289Z] <<< [apiv2][body] GET https://firebase-public.firebaseio.com/cli.json {"cloudBuildErrorAfter":1594252800000,"cloudBuildWarnAfter":1590019200000,"defaultNode10After":1594252800000,"minVersion":"3.0.5","node8DeploysDisabledAfter":1613390400000,"node8RuntimeDisabledAfter":1615809600000,"node8WarnAfter":1600128000000}
[debug] [2026-04-10T22:30:00.040Z] Received signal SIGHUP 1
[info]  
[info] i  emulators: Received SIGHUP for the first time. Starting a clean shutdown. 
[info] i  emulators: Please wait for a clean shutdown or send the SIGHUP signal again to stop right now. 
[debug] [2026-04-10T22:30:00.092Z] Error: write EIO
    at afterWriteDispatched (node:internal/stream_base_commons:159:15)
    at writeGeneric (node:internal/stream_base_commons:150:3)
    at Socket._writeGeneric (node:net:966:11)
    at Socket._write (node:net:978:8)
    at writeOrBuffer (node:internal/streams/writable:570:12)
    at _write (node:internal/streams/writable:499:10)
    at Writable.write (node:internal/streams/writable:508:10)
    at Console.log (/home/miguel/projects/coaster/node_modules/winston/lib/winston/transports/console.js:87:23)
    at Console._write (/home/miguel/projects/coaster/node_modules/winston-transport/modern.js:103:17)
    at doWrite (/home/miguel/projects/coaster/node_modules/readable-stream/lib/_stream_writable.js:390:139)
[error] 
[error] Error: An unexpected error has occurred.
[debug] [2026-04-10T22:30:00.095Z] Error: write EIO
    at afterWriteDispatched (node:internal/stream_base_commons:159:15)
    at writeGeneric (node:internal/stream_base_commons:150:3)
    at Socket._writeGeneric (node:net:966:11)
    at Socket._write (node:net:978:8)
    at writeOrBuffer (node:internal/streams/writable:570:12)
    at _write (node:internal/streams/writable:499:10)
    at Writable.write (node:internal/streams/writable:508:10)
    at Console.log (/home/miguel/projects/coaster/node_modules/winston/lib/winston/transports/console.js:87:23)
    at Console._write (/home/miguel/projects/coaster/node_modules/winston-transport/modern.js:103:17)
    at doWrite (/home/miguel/projects/coaster/node_modules/readable-stream/lib/_stream_writable.js:390:139)
[error] 
[error] Error: An unexpected error has occurred.
[debug] [2026-04-10T22:30:00.097Z] Error: write EIO
    at afterWriteDispatched (node:internal/stream_base_commons:159:15)
    at writeGeneric (node:internal/stream_base_commons:150:3)
    at Socket._writeGeneric (node:net:966:11)
    at Socket._write (node:net:978:8)
    at writeOrBuffer (node:internal/streams/writable:570:12)
    at _write (node:internal/streams/writable:499:10)
    at Writable.write (node:internal/streams/writable:508:10)
    at Console.log (/home/miguel/projects/coaster/node_modules/winston/lib/winston/transports/console.js:87:23)
    at Console._write (/home/miguel/projects/coaster/node_modules/winston-transport/modern.js:103:17)
    at doWrite (/home/miguel/projects/coaster/node_modules/readable-stream/lib/_stream_writable.js:390:139)
[error] 
[error] Error: An unexpected error has occurred.
[debug] [2026-04-10T22:30:00.098Z] Error: write EIO
    at afterWriteDispatched (node:internal/stream_base_commons:159:15)
    at writeGeneric (node:internal/stream_base_commons:150:3)
    at Socket._writeGeneric (node:net:966:11)
    at Socket._write (node:net:978:8)
    at writeOrBuffer (node:internal/streams/writable:570:12)
    at _write (node:internal/streams/writable:499:10)
    at Writable.write (node:internal/streams/writable:508:10)
    at Console.log (/home/miguel/projects/coaster/node_modules/winston/lib/winston/transports/console.js:87:23)
    at Console._write (/home/miguel/projects/coaster/node_modules/winston-transport/modern.js:103:17)
    at doWrite (/home/miguel/projects/coaster/node_modules/readable-stream/lib/_stream_writable.js:390:139)
[error] 
[error] Error: An unexpected error has occurred.
[debug] [2026-04-10T22:30:00.101Z] Error: write EIO
    at afterWriteDispatched (node:internal/stream_base_commons:159:15)
    at writeGeneric (node:internal/stream_base_commons:150:3)
    at Socket._writeGeneric (node:net:966:11)
    at Socket._write (node:net:978:8)
    at writeOrBuffer (node:internal/streams/writable:570:12)
    at _write (node:internal/streams/writable:499:10)
    at Writable.write (node:internal/streams/writable:508:10)
    at Console.log (/home/miguel/projects/coaster/node_modules/winston/lib/winston/transports/console.js:87:23)
    at Console._write (/home/miguel/projects/coaster/node_modules/winston-transport/modern.js:103:17)
    at doWrite (/home/miguel/projects/coaster/node_modules/readable-stream/lib/_stream_writable.js:390:139)
[error] 
[error] Error: An unexpected error has occurred.
[debug] [2026-04-10T22:30:00.102Z] Error: write EIO
    at afterWriteDispatched (node:internal/stream_base_commons:159:15)
    at writeGeneric (node:internal/stream_base_commons:150:3)
    at Socket._writeGeneric (node:net:966:11)
    at Socket._write (node:net:978:8)
    at writeOrBuffer (node:internal/streams/writable:570:12)
    at _write (node:internal/streams/writable:499:10)
    at Writable.write (node:internal/streams/writable:508:10)
    at Console.log (/home/miguel/projects/coaster/node_modules/winston/lib/winston/transports/console.js:87:23)
    at Console._write (/home/miguel/projects/coaster/node_modules/winston-transport/modern.js:103:17)
    at doWrite (/home/miguel/projects/coaster/node_modules/readable-stream/lib/_stream_writable.js:390:139)
[error] 
[error] Error: An unexpected error has occurred.
[debug] [2026-04-10T22:30:00.131Z] Error: write EIO
    at afterWriteDispatched (node:internal/stream_base_commons:159:15)
    at writeGeneric (node:internal/stream_base_commons:150:3)
    at Socket._writeGeneric (node:net:966:11)
    at Socket._write (node:net:978:8)
    at writeOrBuffer (node:internal/streams/writable:570:12)
    at _write (node:internal/streams/writable:499:10)
    at Writable.write (node:internal/streams/writable:508:10)
    at Console.log (/home/miguel/projects/coaster/node_modules/winston/lib/winston/transports/console.js:87:23)
    at Console._write (/home/miguel/projects/coaster/node_modules/winston-transport/modern.js:103:17)
    at doWrite (/home/miguel/projects/coaster/node_modules/readable-stream/lib/_stream_writable.js:390:139)
[error] 
[error] Error: An unexpected error has occurred.
[debug] [2026-04-10T22:30:00.132Z] Error: write EIO
    at afterWriteDispatched (node:internal/stream_base_commons:159:15)
    at writeGeneric (node:internal/stream_base_commons:150:3)
    at Socket._writeGeneric (node:net:966:11)
    at Socket._write (node:net:978:8)
    at writeOrBuffer (node:internal/streams/writable:570:12)
    at _write (node:internal/streams/writable:499:10)
    at Writable.write (node:internal/streams/writable:508:10)
    at Console.log (/home/miguel/projects/coaster/node_modules/winston/lib/winston/transports/console.js:87:23)
    at Console._write (/home/miguel/projects/coaster/node_modules/winston-transport/modern.js:103:17)
    at doWrite (/home/miguel/projects/coaster/node_modules/readable-stream/lib/_stream_writable.js:390:139)
[error] 
[error] Error: An unexpected error has occurred.
[debug] [2026-04-10T22:30:00.133Z] Error: write EIO
    at afterWriteDispatched (node:internal/stream_base_commons:159:15)
    at writeGeneric (node:internal/stream_base_commons:150:3)
    at Socket._writeGeneric (node:net:966:11)
    at Socket._write (node:net:978:8)
    at writeOrBuffer (node:internal/streams/writable:570:12)
    at _write (node:internal/streams/writable:499:10)
    at Writable.write (node:internal/streams/writable:508:10)
    at Console.log (/home/miguel/projects/coaster/node_modules/winston/lib/winston/transports/console.js:87:23)
    at Console._write (/home/miguel/projects/coaster/node_modules/winston-transport/modern.js:103:17)
    at doWrite (/home/miguel/projects/coaster/node_modules/readable-stream/lib/_stream_writable.js:390:139)
[error] 
[error] Error: An unexpected error has occurred.
[debug] [2026-04-10T22:30:00.134Z] Error: write EIO
    at afterWriteDispatched (node:internal/stream_base_commons:159:15)
    at writeGeneric (node:internal/stream_base_commons:150:3)
    at Socket._writeGeneric (node:net:966:11)
    at Socket._write (node:net:978:8)
    at writeOrBuffer (node:internal/streams/writable:570:12)
    at _write (node:internal/streams/writable:499:10)
    at Writable.write (node:internal/streams/writable:508:10)
    at Console.log (/home/miguel/projects/coaster/node_modules/winston/lib/winston/transports/console.js:87:23)
    at Console._write (/home/miguel/projects/coaster/node_modules/winston-transport/modern.js:103:17)
    at doWrite (/home/miguel/projects/coaster/node_modules/readable-stream/lib/_stream_writable.js:390:139)
[error] 
[error] Error: An unexpected error has occurred.
[debug] [2026-04-10T22:30:00.135Z] Error: write EIO
    at afterWriteDispatched (node:internal/stream_base_commons:159:15)
    at writeGeneric (node:internal/stream_base_commons:150:3)
    at Socket._writeGeneric (node:net:966:11)
    at Socket._write (node:net:978:8)
    at writeOrBuffer (node:internal/streams/writable:570:12)
    at _write (node:internal/streams/writable:499:10)
    at Writable.write (node:internal/streams/writable:508:10)
    at Console.log (/home/miguel/projects/coaster/node_modules/winston/lib/winston/transports/console.js:87:23)
    at Console._write (/home/miguel/projects/coaster/node_modules/winston-transport/modern.js:103:17)
    at doWrite (/home/miguel/projects/coaster/node_modules/readable-stream/lib/_stream_writable.js:390:139)
[error] 
[error] Error: An unexpected error has occurred.
[debug] [2026-04-10T22:30:00.136Z] Error: write EIO
    at afterWriteDispatched (node:internal/stream_base_commons:159:15)
    at writeGeneric (node:internal/stream_base_commons:150:3)
    at Socket._writeGeneric (node:net:966:11)
    at Socket._write (node:net:978:8)
    at writeOrBuffer (node:internal/streams/writable:570:12)
    at _write (node:internal/streams/writable:499:10)
    at Writable.write (node:internal/streams/writable:508:10)
    at Console.log (/home/miguel/projects/coaster/node_modules/winston/lib/winston/transports/console.js:87:23)
    at Console._write (/home/miguel/projects/coaster/node_modules/winston-transport/modern.js:103:17)
    at doWrite (/home/miguel/projects/coaster/node_modules/readable-stream/lib/_stream_writable.js:390:139)
[error] 
[error] Error: An unexpected error has occurred.
[debug] [2026-04-10T22:30:00.137Z] Error: write EIO
    at afterWriteDispatched (node:internal/stream_base_commons:159:15)
    at writeGeneric (node:internal/stream_base_commons:150:3)
    at Socket._writeGeneric (node:net:966:11)
    at Socket._write (node:net:978:8)
    at writeOrBuffer (node:internal/streams/writable:570:12)
    at _write (node:internal/streams/writable:499:10)
    at Writable.write (node:internal/streams/writable:508:10)
    at Console.log (/home/miguel/projects/coaster/node_modules/winston/lib/winston/transports/console.js:87:23)
    at Console._write (/home/miguel/projects/coaster/node_modules/winston-transport/modern.js:103:17)
    at doWrite (/home/miguel/projects/coaster/node_modules/readable-stream/lib/_stream_writable.js:390:139)
[error] 
[error] Error: An unexpected error has occurred.
[debug] [2026-04-10T22:30:00.138Z] Error: write EIO
    at afterWriteDispatched (node:internal/stream_base_commons:159:15)
    at writeGeneric (node:internal/stream_base_commons:150:3)
    at Socket._writeGeneric (node:net:966:11)
    at Socket._write (node:net:978:8)
    at writeOrBuffer (node:internal/streams/writable:570:12)
    at _write (node:internal/streams/writable:499:10)
    at Writable.write (node:internal/streams/writable:508:10)
    at Console.log (/home/miguel/projects/coaster/node_modules/winston/lib/winston/transports/console.js:87:23)
    at Console._write (/home/miguel/projects/coaster/node_modules/winston-transport/modern.js:103:17)
    at doWrite (/home/miguel/projects/coaster/node_modules/readable-stream/lib/_stream_writable.js:390:139)
[error] 
[error] Error: An unexpected error has occurred.
[debug] [2026-04-10T22:30:00.138Z] Error: write EIO
    at afterWriteDispatched (node:internal/stream_base_commons:159:15)
    at writeGeneric (node:internal/stream_base_commons:150:3)
    at Socket._writeGeneric (node:net:966:11)
    at Socket._write (node:net:978:8)
    at writeOrBuffer (node:internal/streams/writable:570:12)
    at _write (node:internal/streams/writable:499:10)
    at Writable.write (node:internal/streams/writable:508:10)
    at Console.log (/home/miguel/projects/coaster/node_modules/winston/lib/winston/transports/console.js:87:23)
    at Console._write (/home/miguel/projects/coaster/node_modules/winston-transport/modern.js:103:17)
    at doWrite (/home/miguel/projects/coaster/node_modules/readable-stream/lib/_stream_writable.js:390:139)
[error] 
[error] Error: An unexpected error has occurred.
[debug] [2026-04-10T22:30:00.141Z] Error: write EIO
    at afterWriteDispatched (node:internal/stream_base_commons:159:15)
    at writeGeneric (node:internal/stream_base_commons:150:3)
    at Socket._writeGeneric (node:net:966:11)
    at Socket._write (node:net:978:8)
    at writeOrBuffer (node:internal/streams/writable:570:12)
    at _write (node:internal/streams/writable:499:10)
    at Writable.write (node:internal/streams/writable:508:10)
    at Console.log (/home/miguel/projects/coaster/node_modules/winston/lib/winston/transports/console.js:87:23)
    at Console._write (/home/miguel/projects/coaster/node_modules/winston-transport/modern.js:103:17)
    at doWrite (/home/miguel/projects/coaster/node_modules/readable-stream/lib/_stream_writable.js:390:139)
[error] 
[error] Error: An unexpected error has occurred.
[debug] [2026-04-10T22:30:00.141Z] Error: write EIO
    at afterWriteDispatched (node:internal/stream_base_commons:159:15)
    at writeGeneric (node:internal/stream_base_commons:150:3)
    at Socket._writeGeneric (node:net:966:11)
    at Socket._write (node:net:978:8)
    at writeOrBuffer (node:internal/streams/writable:570:12)
    at _write (node:internal/streams/writable:499:10)
    at Writable.write (node:internal/streams/writable:508:10)
    at Console.log (/home/miguel/projects/coaster/node_modules/winston/lib/winston/transports/console.js:87:23)
    at Console._write (/home/miguel/projects/coaster/node_modules/winston-transport/modern.js:103:17)
    at doWrite (/home/miguel/projects/coaster/node_modules/readable-stream/lib/_stream_writable.js:390:139)
[error] 
[error] Error: An unexpected error has occurred.
[debug] [2026-04-10T22:30:00.143Z] Error: write EIO
    at afterWriteDispatched (node:internal/stream_base_commons:159:15)
    at writeGeneric (node:internal/stream_base_commons:150:3)
    at Socket._writeGeneric (node:net:966:11)
    at Socket._write (node:net:978:8)
    at writeOrBuffer (node:internal/streams/writable:570:12)
    at _write (node:internal/streams/writable:499:10)
    at Writable.write (node:internal/streams/writable:508:10)
    at Console.log (/home/miguel/projects/coaster/node_modules/winston/lib/winston/transports/console.js:87:23)
    at Console._write (/home/miguel/projects/coaster/node_modules/winston-transport/modern.js:103:17)
    at doWrite (/home/miguel/projects/coaster/node_modules/readable-stream/lib/_stream_writable.js:390:139)
[error] 
[error] Error: An unexpected error has occurred.
[debug] [2026-04-10T22:30:00.145Z] Error: write EIO
    at afterWriteDispatched (node:internal/stream_base_commons:159:15)
    at writeGeneric (node:internal/stream_base_commons:150:3)
    at Socket._writeGeneric (node:net:966:11)
    at Socket._write (node:net:978:8)
    at writeOrBuffer (node:internal/streams/writable:570:12)
    at _write (node:internal/streams/writable:499:10)
    at Writable.write (node:internal/streams/writable:508:10)
    at Console.log (/home/miguel/projects/coaster/node_modules/winston/lib/winston/transports/console.js:87:23)
    at Console._write (/home/miguel/projects/coaster/node_modules/winston-transport/modern.js:103:17)
    at doWrite (/home/miguel/projects/coaster/node_modules/readable-stream/lib/_stream_writable.js:390:139)
[error] 
[error] Error: An unexpected error has occurred.
[debug] [2026-04-10T22:30:00.146Z] Error: write EIO
    at afterWriteDispatched (node:internal/stream_base_commons:159:15)
    at writeGeneric (node:internal/stream_base_commons:150:3)
    at Socket._writeGeneric (node:net:966:11)
    at Socket._write (node:net:978:8)
    at writeOrBuffer (node:internal/streams/writable:570:12)
    at _write (node:internal/streams/writable:499:10)
    at Writable.write (node:internal/streams/writable:508:10)
    at Console.log (/home/miguel/projects/coaster/node_modules/winston/lib/winston/transports/console.js:87:23)
    at Console._write (/home/miguel/projects/coaster/node_modules/winston-transport/modern.js:103:17)
    at doWrite (/home/miguel/projects/coaster/node_modules/readable-stream/lib/_stream_writable.js:390:139)
[error] 
[error] Error: An unexpected error has occurred.
[debug] [2026-04-10T22:30:00.147Z] Received signal SIGHUP 2
[info]  
[debug] [2026-04-10T22:30:00.147Z] Skipping clean onExit() and cleanShutdown()
[warn] ⚠  emulators: Received SIGHUP 2 times. You have forced the Emulator Suite to exit without waiting for 0 subprocess to finish. These processes may still be running on your machine:  
[info] 
┌──────────┬───────────┬─────┐
│ Emulator │ Host:Port │ PID │
└──────────┴───────────┴─────┘

To force them to exit run:

[info] kill 

[debug] [2026-04-10T22:30:00.165Z] Error: write EIO
    at afterWriteDispatched (node:internal/stream_base_commons:159:15)
    at writeGeneric (node:internal/stream_base_commons:150:3)
    at Socket._writeGeneric (node:net:966:11)
    at Socket._write (node:net:978:8)
    at writeOrBuffer (node:internal/streams/writable:570:12)
    at _write (node:internal/streams/writable:499:10)
    at Writable.write (node:internal/streams/writable:508:10)
    at Console.log (/home/miguel/projects/coaster/node_modules/winston/lib/winston/transports/console.js:87:23)
    at Console._write (/home/miguel/projects/coaster/node_modules/winston-transport/modern.js:103:17)
    at doWrite (/home/miguel/projects/coaster/node_modules/readable-stream/lib/_stream_writable.js:390:139)
[error] 
[error] Error: An unexpected error has occurred.
[debug] [2026-04-10T22:30:00.168Z] Error: write EIO
    at afterWriteDispatched (node:internal/stream_base_commons:159:15)
    at writeGeneric (node:internal/stream_base_commons:150:3)
    at Socket._writeGeneric (node:net:966:11)
    at Socket._write (node:net:978:8)
    at writeOrBuffer (node:internal/streams/writable:570:12)
    at _write (node:internal/streams/writable:499:10)
    at Writable.write (node:internal/streams/writable:508:10)
    at Console.log (/home/miguel/projects/coaster/node_modules/winston/lib/winston/transports/console.js:87:23)
    at Console._write (/home/miguel/projects/coaster/node_modules/winston-transport/modern.js:103:17)
    at doWrite (/home/miguel/projects/coaster/node_modules/readable-stream/lib/_stream_writable.js:390:139)
[error] 
[error] Error: An unexpected error has occurred.
[debug] [2026-04-10T22:30:00.169Z] Error: write EIO
    at afterWriteDispatched (node:internal/stream_base_commons:159:15)
    at writeGeneric (node:internal/stream_base_commons:150:3)
    at Socket._writeGeneric (node:net:966:11)
    at Socket._write (node:net:978:8)
    at writeOrBuffer (node:internal/streams/writable:570:12)
    at _write (node:internal/streams/writable:499:10)
    at Writable.write (node:internal/streams/writable:508:10)
    at Console.log (/home/miguel/projects/coaster/node_modules/winston/lib/winston/transports/console.js:87:23)
    at Console._write (/home/miguel/projects/coaster/node_modules/winston-transport/modern.js:103:17)
    at doWrite (/home/miguel/projects/coaster/node_modules/readable-stream/lib/_stream_writable.js:390:139)
[error] 
[error] Error: An unexpected error has occurred.
[debug] [2026-04-10T22:30:00.170Z] Error: write EIO
    at afterWriteDispatched (node:internal/stream_base_commons:159:15)
    at writeGeneric (node:internal/stream_base_commons:150:3)
    at Socket._writeGeneric (node:net:966:11)
    at Socket._write (node:net:978:8)
    at writeOrBuffer (node:internal/streams/writable:570:12)
    at _write (node:internal/streams/writable:499:10)
    at Writable.write (node:internal/streams/writable:508:10)
    at Console.log (/home/miguel/projects/coaster/node_modules/winston/lib/winston/transports/console.js:87:23)
    at Console._write (/home/miguel/projects/coaster/node_modules/winston-transport/modern.js:103:17)
    at doWrite (/home/miguel/projects/coaster/node_modules/readable-stream/lib/_stream_writable.js:390:139)
[error] 
[error] Error: An unexpected error has occurred.
[debug] [2026-04-10T22:30:00.171Z] Error: write EIO
    at afterWriteDispatched (node:internal/stream_base_commons:159:15)
    at writeGeneric (node:internal/stream_base_commons:150:3)
    at Socket._writeGeneric (node:net:966:11)
    at Socket._write (node:net:978:8)
    at writeOrBuffer (node:internal/streams/writable:570:12)
    at _write (node:internal/streams/writable:499:10)
    at Writable.write (node:internal/streams/writable:508:10)
    at Console.log (/home/miguel/projects/coaster/node_modules/winston/lib/winston/transports/console.js:87:23)
    at Console._write (/home/miguel/projects/coaster/node_modules/winston-transport/modern.js:103:17)
    at doWrite (/home/miguel/projects/coaster/node_modules/readable-stream/lib/_stream_writable.js:390:139)
[error] 
[error] Error: An unexpected error has occurred.
[debug] [2026-04-10T22:30:00.185Z] Error: write EIO
    at afterWriteDispatched (node:internal/stream_base_commons:159:15)
    at writeGeneric (node:internal/stream_base_commons:150:3)
    at Socket._writeGeneric (node:net:966:11)
    at Socket._write (node:net:978:8)
    at writeOrBuffer (node:internal/streams/writable:570:12)
    at _write (node:internal/streams/writable:499:10)
    at Writable.write (node:internal/streams/writable:508:10)
    at Console.log (/home/miguel/projects/coaster/node_modules/winston/lib/winston/transports/console.js:87:23)
    at Console._write (/home/miguel/projects/coaster/node_modules/winston-transport/modern.js:103:17)
    at doWrite (/home/miguel/projects/coaster/node_modules/readable-stream/lib/_stream_writable.js:390:139)
[error] 
[error] Error: An unexpected error has occurred.
[debug] [2026-04-10T22:30:00.186Z] Error: write EIO
    at afterWriteDispatched (node:internal/stream_base_commons:159:15)
    at writeGeneric (node:internal/stream_base_commons:150:3)
    at Socket._writeGeneric (node:net:966:11)
    at Socket._write (node:net:978:8)
    at writeOrBuffer (node:internal/streams/writable:570:12)
    at _write (node:internal/streams/writable:499:10)
    at Writable.write (node:internal/streams/writable:508:10)
    at Console.log (/home/miguel/projects/coaster/node_modules/winston/lib/winston/transports/console.js:87:23)
    at Console._write (/home/miguel/projects/coaster/node_modules/winston-transport/modern.js:103:17)
    at doWrite (/home/miguel/projects/coaster/node_modules/readable-stream/lib/_stream_writable.js:390:139)
[error] 
[error] Error: An unexpected error has occurred.
[debug] [2026-04-10T22:30:00.186Z] Error: write EIO
    at afterWriteDispatched (node:internal/stream_base_commons:159:15)
    at writeGeneric (node:internal/stream_base_commons:150:3)
    at Socket._writeGeneric (node:net:966:11)
    at Socket._write (node:net:978:8)
    at writeOrBuffer (node:internal/streams/writable:570:12)
    at _write (node:internal/streams/writable:499:10)
    at Writable.write (node:internal/streams/writable:508:10)
    at Console.log (/home/miguel/projects/coaster/node_modules/winston/lib/winston/transports/console.js:87:23)
    at Console._write (/home/miguel/projects/coaster/node_modules/winston-transport/modern.js:103:17)
    at doWrite (/home/miguel/projects/coaster/node_modules/readable-stream/lib/_stream_writable.js:390:139)
[error] 
[error] Error: An unexpected error has occurred.
[debug] [2026-04-10T22:30:00.187Z] Error: write EIO
    at afterWriteDispatched (node:internal/stream_base_commons:159:15)
    at writeGeneric (node:internal/stream_base_commons:150:3)
    at Socket._writeGeneric (node:net:966:11)
    at Socket._write (node:net:978:8)
    at writeOrBuffer (node:internal/streams/writable:570:12)
    at _write (node:internal/streams/writable:499:10)
    at Writable.write (node:internal/streams/writable:508:10)
    at Console.log (/home/miguel/projects/coaster/node_modules/winston/lib/winston/transports/console.js:87:23)
    at Console._write (/home/miguel/projects/coaster/node_modules/winston-transport/modern.js:103:17)
    at doWrite (/home/miguel/projects/coaster/node_modules/readable-stream/lib/_stream_writable.js:390:139)
[error] 
[error] Error: An unexpected error has occurred.
[debug] [2026-04-10T22:30:00.188Z] Error: write EIO
    at afterWriteDispatched (node:internal/stream_base_commons:159:15)
    at writeGeneric (node:internal/stream_base_commons:150:3)
    at Socket._writeGeneric (node:net:966:11)
    at Socket._write (node:net:978:8)
    at writeOrBuffer (node:internal/streams/writable:570:12)
    at _write (node:internal/streams/writable:499:10)
    at Writable.write (node:internal/streams/writable:508:10)
    at Console.log (/home/miguel/projects/coaster/node_modules/winston/lib/winston/transports/console.js:87:23)
    at Console._write (/home/miguel/projects/coaster/node_modules/winston-transport/modern.js:103:17)
    at doWrite (/home/miguel/projects/coaster/node_modules/readable-stream/lib/_stream_writable.js:390:139)
[error] 
[error] Error: An unexpected error has occurred.
[debug] [2026-04-10T22:30:00.189Z] Error: write EIO
    at afterWriteDispatched (node:internal/stream_base_commons:159:15)
    at writeGeneric (node:internal/stream_base_commons:150:3)
    at Socket._writeGeneric (node:net:966:11)
    at Socket._write (node:net:978:8)
    at writeOrBuffer (node:internal/streams/writable:570:12)
    at _write (node:internal/streams/writable:499:10)
    at Writable.write (node:internal/streams/writable:508:10)
    at Console.log (/home/miguel/projects/coaster/node_modules/winston/lib/winston/transports/console.js:87:23)
    at Console._write (/home/miguel/projects/coaster/node_modules/winston-transport/modern.js:103:17)
    at doWrite (/home/miguel/projects/coaster/node_modules/readable-stream/lib/_stream_writable.js:390:139)
[error] 
[error] Error: An unexpected error has occurred.
[debug] [2026-04-10T22:30:00.189Z] Error: write EIO
    at afterWriteDispatched (node:internal/stream_base_commons:159:15)
    at writeGeneric (node:internal/stream_base_commons:150:3)
    at Socket._writeGeneric (node:net:966:11)
    at Socket._write (node:net:978:8)
    at writeOrBuffer (node:internal/streams/writable:570:12)
    at _write (node:internal/streams/writable:499:10)
    at Writable.write (node:internal/streams/writable:508:10)
    at Console.log (/home/miguel/projects/coaster/node_modules/winston/lib/winston/transports/console.js:87:23)
    at Console._write (/home/miguel/projects/coaster/node_modules/winston-transport/modern.js:103:17)
    at doWrite (/home/miguel/projects/coaster/node_modules/readable-stream/lib/_stream_writable.js:390:139)
[error] 
[error] Error: An unexpected error has occurred.
[debug] [2026-04-10T22:30:00.190Z] Error: write EIO
    at afterWriteDispatched (node:internal/stream_base_commons:159:15)
    at writeGeneric (node:internal/stream_base_commons:150:3)
    at Socket._writeGeneric (node:net:966:11)
    at Socket._write (node:net:978:8)
    at writeOrBuffer (node:internal/streams/writable:570:12)
    at _write (node:internal/streams/writable:499:10)
    at Writable.write (node:internal/streams/writable:508:10)
    at Console.log (/home/miguel/projects/coaster/node_modules/winston/lib/winston/transports/console.js:87:23)
    at Console._write (/home/miguel/projects/coaster/node_modules/winston-transport/modern.js:103:17)
    at doWrite (/home/miguel/projects/coaster/node_modules/readable-stream/lib/_stream_writable.js:390:139)
[error] 
[error] Error: An unexpected error has occurred.
[debug] [2026-04-10T22:30:00.190Z] Error: write EIO
    at afterWriteDispatched (node:internal/stream_base_commons:159:15)
    at writeGeneric (node:internal/stream_base_commons:150:3)
    at Socket._writeGeneric (node:net:966:11)
    at Socket._write (node:net:978:8)
    at writeOrBuffer (node:internal/streams/writable:570:12)
    at _write (node:internal/streams/writable:499:10)
    at Writable.write (node:internal/streams/writable:508:10)
    at Console.log (/home/miguel/projects/coaster/node_modules/winston/lib/winston/transports/console.js:87:23)
    at Console._write (/home/miguel/projects/coaster/node_modules/winston-transport/modern.js:103:17)
    at doWrite (/home/miguel/projects/coaster/node_modules/readable-stream/lib/_stream_writable.js:390:139)
[error] 
[error] Error: An unexpected error has occurred.
[debug] [2026-04-10T22:30:00.191Z] Error: write EIO
    at afterWriteDispatched (node:internal/stream_base_commons:159:15)
    at writeGeneric (node:internal/stream_base_commons:150:3)
    at Socket._writeGeneric (node:net:966:11)
    at Socket._write (node:net:978:8)
    at writeOrBuffer (node:internal/streams/writable:570:12)
    at _write (node:internal/streams/writable:499:10)
    at Writable.write (node:internal/streams/writable:508:10)
    at Console.log (/home/miguel/projects/coaster/node_modules/winston/lib/winston/transports/console.js:87:23)
    at Console._write (/home/miguel/projects/coaster/node_modules/winston-transport/modern.js:103:17)
    at doWrite (/home/miguel/projects/coaster/node_modules/readable-stream/lib/_stream_writable.js:390:139)
[error] 
[error] Error: An unexpected error has occurred.
[debug] [2026-04-10T22:30:00.192Z] Error: write EIO
    at afterWriteDispatched (node:internal/stream_base_commons:159:15)
    at writeGeneric (node:internal/stream_base_commons:150:3)
    at Socket._writeGeneric (node:net:966:11)
    at Socket._write (node:net:978:8)
    at writeOrBuffer (node:internal/streams/writable:570:12)
    at _write (node:internal/streams/writable:499:10)
    at Writable.write (node:internal/streams/writable:508:10)
    at Console.log (/home/miguel/projects/coaster/node_modules/winston/lib/winston/transports/console.js:87:23)
    at Console._write (/home/miguel/projects/coaster/node_modules/winston-transport/modern.js:103:17)
    at doWrite (/home/miguel/projects/coaster/node_modules/readable-stream/lib/_stream_writable.js:390:139)
[error] 
[error] Error: An unexpected error has occurred.
[debug] [2026-04-10T22:30:00.192Z] Error: write EIO
    at afterWriteDispatched (node:internal/stream_base_commons:159:15)
    at writeGeneric (node:internal/stream_base_commons:150:3)
    at Socket._writeGeneric (node:net:966:11)
    at Socket._write (node:net:978:8)
    at writeOrBuffer (node:internal/streams/writable:570:12)
    at _write (node:internal/streams/writable:499:10)
    at Writable.write (node:internal/streams/writable:508:10)
    at Console.log (/home/miguel/projects/coaster/node_modules/winston/lib/winston/transports/console.js:87:23)
    at Console._write (/home/miguel/projects/coaster/node_modules/winston-transport/modern.js:103:17)
    at doWrite (/home/miguel/projects/coaster/node_modules/readable-stream/lib/_stream_writable.js:390:139)
[error] 
[error] Error: An unexpected error has occurred.
[debug] [2026-04-10T22:30:00.192Z] Error: write EIO
    at afterWriteDispatched (node:internal/stream_base_commons:159:15)
    at writeGeneric (node:internal/stream_base_commons:150:3)
    at Socket._writeGeneric (node:net:966:11)
    at Socket._write (node:net:978:8)
    at writeOrBuffer (node:internal/streams/writable:570:12)
    at _write (node:internal/streams/writable:499:10)
    at Writable.write (node:internal/streams/writable:508:10)
    at Console.log (/home/miguel/projects/coaster/node_modules/winston/lib/winston/transports/console.js:87:23)
    at Console._write (/home/miguel/projects/coaster/node_modules/winston-transport/modern.js:103:17)
    at doWrite (/home/miguel/projects/coaster/node_modules/readable-stream/lib/_stream_writable.js:390:139)
[error] 
[error] Error: An unexpected error has occurred.
[debug] [2026-04-10T22:30:00.193Z] Error: write EIO
    at afterWriteDispatched (node:internal/stream_base_commons:159:15)
    at writeGeneric (node:internal/stream_base_commons:150:3)
    at Socket._writeGeneric (node:net:966:11)
    at Socket._write (node:net:978:8)
    at writeOrBuffer (node:internal/streams/writable:570:12)
    at _write (node:internal/streams/writable:499:10)
    at Writable.write (node:internal/streams/writable:508:10)
    at Console.log (/home/miguel/projects/coaster/node_modules/winston/lib/winston/transports/console.js:87:23)
    at Console._write (/home/miguel/projects/coaster/node_modules/winston-transport/modern.js:103:17)
    at doWrite (/home/miguel/projects/coaster/node_modules/readable-stream/lib/_stream_writable.js:390:139)
[error] 
[error] Error: An unexpected error has occurred.
[debug] [2026-04-10T22:30:00.194Z] Error: write EIO
    at afterWriteDispatched (node:internal/stream_base_commons:159:15)
    at writeGeneric (node:internal/stream_base_commons:150:3)
    at Socket._writeGeneric (node:net:966:11)
    at Socket._write (node:net:978:8)
    at writeOrBuffer (node:internal/streams/writable:570:12)
    at _write (node:internal/streams/writable:499:10)
    at Writable.write (node:internal/streams/writable:508:10)
    at Console.log (/home/miguel/projects/coaster/node_modules/winston/lib/winston/transports/console.js:87:23)
    at Console._write (/home/miguel/projects/coaster/node_modules/winston-transport/modern.js:103:17)
    at doWrite (/home/miguel/projects/coaster/node_modules/readable-stream/lib/_stream_writable.js:390:139)
[error] 
[error] Error: An unexpected error has occurred.
[debug] [2026-04-10T22:30:00.194Z] Error: write EIO
    at afterWriteDispatched (node:internal/stream_base_commons:159:15)
    at writeGeneric (node:internal/stream_base_commons:150:3)
    at Socket._writeGeneric (node:net:966:11)
    at Socket._write (node:net:978:8)
    at writeOrBuffer (node:internal/streams/writable:570:12)
    at _write (node:internal/streams/writable:499:10)
    at Writable.write (node:internal/streams/writable:508:10)
    at Console.log (/home/miguel/projects/coaster/node_modules/winston/lib/winston/transports/console.js:87:23)
    at Console._write (/home/miguel/projects/coaster/node_modules/winston-transport/modern.js:103:17)
    at doWrite (/home/miguel/projects/coaster/node_modules/readable-stream/lib/_stream_writable.js:390:139)
[error] 
[error] Error: An unexpected error has occurred.
[debug] [2026-04-10T22:30:00.194Z] Error: write EIO
    at afterWriteDispatched (node:internal/stream_base_commons:159:15)
    at writeGeneric (node:internal/stream_base_commons:150:3)
    at Socket._writeGeneric (node:net:966:11)
    at Socket._write (node:net:978:8)
    at writeOrBuffer (node:internal/streams/writable:570:12)
    at _write (node:internal/streams/writable:499:10)
    at Writable.write (node:internal/streams/writable:508:10)
    at Console.log (/home/miguel/projects/coaster/node_modules/winston/lib/winston/transports/console.js:87:23)
    at Console._write (/home/miguel/projects/coaster/node_modules/winston-transport/modern.js:103:17)
    at doWrite (/home/miguel/projects/coaster/node_modules/readable-stream/lib/_stream_writable.js:390:139)
[error] 
[error] Error: An unexpected error has occurred.
[debug] [2026-04-10T22:30:00.195Z] Error: write EIO
    at afterWriteDispatched (node:internal/stream_base_commons:159:15)
    at writeGeneric (node:internal/stream_base_commons:150:3)
    at Socket._writeGeneric (node:net:966:11)
    at Socket._write (node:net:978:8)
    at writeOrBuffer (node:internal/streams/writable:570:12)
    at _write (node:internal/streams/writable:499:10)
    at Writable.write (node:internal/streams/writable:508:10)
    at Console.log (/home/miguel/projects/coaster/node_modules/winston/lib/winston/transports/console.js:87:23)
    at Console._write (/home/miguel/projects/coaster/node_modules/winston-transport/modern.js:103:17)
    at doWrite (/home/miguel/projects/coaster/node_modules/readable-stream/lib/_stream_writable.js:390:139)
[error] 
[error] Error: An unexpected error has occurred.
[debug] [2026-04-10T22:30:00.196Z] Error: write EIO
    at afterWriteDispatched (node:internal/stream_base_commons:159:15)
    at writeGeneric (node:internal/stream_base_commons:150:3)
    at Socket._writeGeneric (node:net:966:11)
    at Socket._write (node:net:978:8)
    at writeOrBuffer (node:internal/streams/writable:570:12)
    at _write (node:internal/streams/writable:499:10)
    at Writable.write (node:internal/streams/writable:508:10)
    at Console.log (/home/miguel/projects/coaster/node_modules/winston/lib/winston/transports/console.js:87:23)
    at Console._write (/home/miguel/projects/coaster/node_modules/winston-transport/modern.js:103:17)
    at doWrite (/home/miguel/projects/coaster/node_modules/readable-stream/lib/_stream_writable.js:390:139)
[error] 
[error] Error: An unexpected error has occurred.
[debug] [2026-04-10T22:30:00.197Z] Error: write EIO
    at afterWriteDispatched (node:internal/stream_base_commons:159:15)
    at writeGeneric (node:internal/stream_base_commons:150:3)
    at Socket._writeGeneric (node:net:966:11)
    at Socket._write (node:net:978:8)
    at writeOrBuffer (node:internal/streams/writable:570:12)
    at _write (node:internal/streams/writable:499:10)
    at Writable.write (node:internal/streams/writable:508:10)
    at Console.log (/home/miguel/projects/coaster/node_modules/winston/lib/winston/transports/console.js:87:23)
    at Console._write (/home/miguel/projects/coaster/node_modules/winston-transport/modern.js:103:17)
    at doWrite (/home/miguel/projects/coaster/node_modules/readable-stream/lib/_stream_writable.js:390:139)
[error] 
[error] Error: An unexpected error has occurred.
[debug] [2026-04-10T22:30:00.197Z] Error: write EIO
    at afterWriteDispatched (node:internal/stream_base_commons:159:15)
    at writeGeneric (node:internal/stream_base_commons:150:3)
    at Socket._writeGeneric (node:net:966:11)
    at Socket._write (node:net:978:8)
    at writeOrBuffer (node:internal/streams/writable:570:12)
    at _write (node:internal/streams/writable:499:10)
    at Writable.write (node:internal/streams/writable:508:10)
    at Console.log (/home/miguel/projects/coaster/node_modules/winston/lib/winston/transports/console.js:87:23)
    at Console._write (/home/miguel/projects/coaster/node_modules/winston-transport/modern.js:103:17)
    at doWrite (/home/miguel/projects/coaster/node_modules/readable-stream/lib/_stream_writable.js:390:139)
[error] 
[error] Error: An unexpected error has occurred.
[debug] [2026-04-10T22:30:00.198Z] Error: write EIO
    at afterWriteDispatched (node:internal/stream_base_commons:159:15)
    at writeGeneric (node:internal/stream_base_commons:150:3)
    at Socket._writeGeneric (node:net:966:11)
    at Socket._write (node:net:978:8)
    at writeOrBuffer (node:internal/streams/writable:570:12)
    at _write (node:internal/streams/writable:499:10)
    at Writable.write (node:internal/streams/writable:508:10)
    at Console.log (/home/miguel/projects/coaster/node_modules/winston/lib/winston/transports/console.js:87:23)
    at Console._write (/home/miguel/projects/coaster/node_modules/winston-transport/modern.js:103:17)
    at doWrite (/home/miguel/projects/coaster/node_modules/readable-stream/lib/_stream_writable.js:390:139)
[error] 
[error] Error: An unexpected error has occurred.
[debug] [2026-04-10T22:30:00.198Z] Error: write EIO
    at afterWriteDispatched (node:internal/stream_base_commons:159:15)
    at writeGeneric (node:internal/stream_base_commons:150:3)
    at Socket._writeGeneric (node:net:966:11)
    at Socket._write (node:net:978:8)
    at writeOrBuffer (node:internal/streams/writable:570:12)
    at _write (node:internal/streams/writable:499:10)
    at Writable.write (node:internal/streams/writable:508:10)
    at Console.log (/home/miguel/projects/coaster/node_modules/winston/lib/winston/transports/console.js:87:23)
    at Console._write (/home/miguel/projects/coaster/node_modules/winston-transport/modern.js:103:17)
    at doWrite (/home/miguel/projects/coaster/node_modules/readable-stream/lib/_stream_writable.js:390:139)
[error] 
[error] Error: An unexpected error has occurred.
[debug] [2026-04-10T22:30:00.199Z] Error: write EIO
    at afterWriteDispatched (node:internal/stream_base_commons:159:15)
    at writeGeneric (node:internal/stream_base_commons:150:3)
    at Socket._writeGeneric (node:net:966:11)
    at Socket._write (node:net:978:8)
    at writeOrBuffer (node:internal/streams/writable:570:12)
    at _write (node:internal/streams/writable:499:10)
    at Writable.write (node:internal/streams/writable:508:10)
    at Console.log (/home/miguel/projects/coaster/node_modules/winston/lib/winston/transports/console.js:87:23)
    at Console._write (/home/miguel/projects/coaster/node_modules/winston-transport/modern.js:103:17)
    at doWrite (/home/miguel/projects/coaster/node_modules/readable-stream/lib/_stream_writable.js:390:139)
[error] 
[error] Error: An unexpected error has occurred.
[debug] [2026-04-10T22:30:00.200Z] Error: write EIO
    at afterWriteDispatched (node:internal/stream_base_commons:159:15)
    at writeGeneric (node:internal/stream_base_commons:150:3)
    at Socket._writeGeneric (node:net:966:11)
    at Socket._write (node:net:978:8)
    at writeOrBuffer (node:internal/streams/writable:570:12)
    at _write (node:internal/streams/writable:499:10)
    at Writable.write (node:internal/streams/writable:508:10)
    at Console.log (/home/miguel/projects/coaster/node_modules/winston/lib/winston/transports/console.js:87:23)
    at Console._write (/home/miguel/projects/coaster/node_modules/winston-transport/modern.js:103:17)
    at doWrite (/home/miguel/projects/coaster/node_modules/readable-stream/lib/_stream_writable.js:390:139)
[error] 
[error] Error: An unexpected error has occurred.
[debug] [2026-04-10T22:30:00.200Z] Error: write EIO
    at afterWriteDispatched (node:internal/stream_base_commons:159:15)
    at writeGeneric (node:internal/stream_base_commons:150:3)
    at Socket._writeGeneric (node:net:966:11)
    at Socket._write (node:net:978:8)
    at writeOrBuffer (node:internal/streams/writable:570:12)
    at _write (node:internal/streams/writable:499:10)
    at Writable.write (node:internal/streams/writable:508:10)
    at Console.log (/home/miguel/projects/coaster/node_modules/winston/lib/winston/transports/console.js:87:23)
    at Console._write (/home/miguel/projects/coaster/node_modules/winston-transport/modern.js:103:17)
    at doWrite (/home/miguel/projects/coaster/node_modules/readable-stream/lib/_stream_writable.js:390:139)
[error] 
[error] Error: An unexpected error has occurred.
[debug] [2026-04-10T22:30:00.206Z] Error: write EIO
    at afterWriteDispatched (node:internal/stream_base_commons:159:15)
    at writeGeneric (node:internal/stream_base_commons:150:3)
    at Socket._writeGeneric (node:net:966:11)
    at Socket._write (node:net:978:8)
    at writeOrBuffer (node:internal/streams/writable:570:12)
    at _write (node:internal/streams/writable:499:10)
    at Writable.write (node:internal/streams/writable:508:10)
    at Console.log (/home/miguel/projects/coaster/node_modules/winston/lib/winston/transports/console.js:87:23)
    at Console._write (/home/miguel/projects/coaster/node_modules/winston-transport/modern.js:103:17)
    at doWrite (/home/miguel/projects/coaster/node_modules/readable-stream/lib/_stream_writable.js:390:139)
[error] 
[error] Error: An unexpected error has occurred.
[debug] [2026-04-10T22:30:00.207Z] Error: write EIO
    at afterWriteDispatched (node:internal/stream_base_commons:159:15)
    at writeGeneric (node:internal/stream_base_commons:150:3)
    at Socket._writeGeneric (node:net:966:11)
    at Socket._write (node:net:978:8)
    at writeOrBuffer (node:internal/streams/writable:570:12)
    at _write (node:internal/streams/writable:499:10)
    at Writable.write (node:internal/streams/writable:508:10)
    at Console.log (/home/miguel/projects/coaster/node_modules/winston/lib/winston/transports/console.js:87:23)
    at Console._write (/home/miguel/projects/coaster/node_modules/winston-transport/modern.js:103:17)
    at doWrite (/home/miguel/projects/coaster/node_modules/readable-stream/lib/_stream_writable.js:390:139)
[error] 
[error] Error: An unexpected error has occurred.
[debug] [2026-04-10T22:30:00.207Z] Error: write EIO
    at afterWriteDispatched (node:internal/stream_base_commons:159:15)
    at writeGeneric (node:internal/stream_base_commons:150:3)
    at Socket._writeGeneric (node:net:966:11)
    at Socket._write (node:net:978:8)
    at writeOrBuffer (node:internal/streams/writable:570:12)
    at _write (node:internal/streams/writable:499:10)
    at Writable.write (node:internal/streams/writable:508:10)
    at Console.log (/home/miguel/projects/coaster/node_modules/winston/lib/winston/transports/console.js:87:23)
    at Console._write (/home/miguel/projects/coaster/node_modules/winston-transport/modern.js:103:17)
    at doWrite (/home/miguel/projects/coaster/node_modules/readable-stream/lib/_stream_writable.js:390:139)
[error] 
[error] Error: An unexpected error has occurred.
[debug] [2026-04-10T22:30:00.208Z] Error: write EIO
    at afterWriteDispatched (node:internal/stream_base_commons:159:15)
    at writeGeneric (node:internal/stream_base_commons:150:3)
    at Socket._writeGeneric (node:net:966:11)
    at Socket._write (node:net:978:8)
    at writeOrBuffer (node:internal/streams/writable:570:12)
    at _write (node:internal/streams/writable:499:10)
    at Writable.write (node:internal/streams/writable:508:10)
    at Console.log (/home/miguel/projects/coaster/node_modules/winston/lib/winston/transports/console.js:87:23)
    at Console._write (/home/miguel/projects/coaster/node_modules/winston-transport/modern.js:103:17)
    at doWrite (/home/miguel/projects/coaster/node_modules/readable-stream/lib/_stream_writable.js:390:139)
[error] 
[error] Error: An unexpected error has occurred.
[debug] [2026-04-10T22:30:00.208Z] Error: write EIO
    at afterWriteDispatched (node:internal/stream_base_commons:159:15)
    at writeGeneric (node:internal/stream_base_commons:150:3)
    at Socket._writeGeneric (node:net:966:11)
    at Socket._write (node:net:978:8)
    at writeOrBuffer (node:internal/streams/writable:570:12)
    at _write (node:internal/streams/writable:499:10)
    at Writable.write (node:internal/streams/writable:508:10)
    at Console.log (/home/miguel/projects/coaster/node_modules/winston/lib/winston/transports/console.js:87:23)
    at Console._write (/home/miguel/projects/coaster/node_modules/winston-transport/modern.js:103:17)
    at doWrite (/home/miguel/projects/coaster/node_modules/readable-stream/lib/_stream_writable.js:390:139)
[error] 
[error] Error: An unexpected error has occurred.
[debug] [2026-04-10T22:30:00.209Z] Error: write EIO
    at afterWriteDispatched (node:internal/stream_base_commons:159:15)
    at writeGeneric (node:internal/stream_base_commons:150:3)
    at Socket._writeGeneric (node:net:966:11)
    at Socket._write (node:net:978:8)
    at writeOrBuffer (node:internal/streams/writable:570:12)
    at _write (node:internal/streams/writable:499:10)
    at Writable.write (node:internal/streams/writable:508:10)
    at Console.log (/home/miguel/projects/coaster/node_modules/winston/lib/winston/transports/console.js:87:23)
    at Console._write (/home/miguel/projects/coaster/node_modules/winston-transport/modern.js:103:17)
    at doWrite (/home/miguel/projects/coaster/node_modules/readable-stream/lib/_stream_writable.js:390:139)
[error] 
[error] Error: An unexpected error has occurred.
[debug] [2026-04-10T22:30:00.209Z] Error: write EIO
    at afterWriteDispatched (node:internal/stream_base_commons:159:15)
    at writeGeneric (node:internal/stream_base_commons:150:3)
    at Socket._writeGeneric (node:net:966:11)
    at Socket._write (node:net:978:8)
    at writeOrBuffer (node:internal/streams/writable:570:12)
    at _write (node:internal/streams/writable:499:10)
    at Writable.write (node:internal/streams/writable:508:10)
    at Console.log (/home/miguel/projects/coaster/node_modules/winston/lib/winston/transports/console.js:87:23)
    at Console._write (/home/miguel/projects/coaster/node_modules/winston-transport/modern.js:103:17)
    at doWrite (/home/miguel/projects/coaster/node_modules/readable-stream/lib/_stream_writable.js:390:139)
[error] 
[error] Error: An unexpected error has occurred.
[debug] [2026-04-10T22:30:00.210Z] Error: write EIO
    at afterWriteDispatched (node:internal/stream_base_commons:159:15)
    at writeGeneric (node:internal/stream_base_commons:150:3)
    at Socket._writeGeneric (node:net:966:11)
    at Socket._write (node:net:978:8)
    at writeOrBuffer (node:internal/streams/writable:570:12)
    at _write (node:internal/streams/writable:499:10)
    at Writable.write (node:internal/streams/writable:508:10)
    at Console.log (/home/miguel/projects/coaster/node_modules/winston/lib/winston/transports/console.js:87:23)
    at Console._write (/home/miguel/projects/coaster/node_modules/winston-transport/modern.js:103:17)
    at doWrite (/home/miguel/projects/coaster/node_modules/readable-stream/lib/_stream_writable.js:390:139)
[error] 
[error] Error: An unexpected error has occurred.
[debug] [2026-04-10T22:30:00.210Z] Error: write EIO
    at afterWriteDispatched (node:internal/stream_base_commons:159:15)
    at writeGeneric (node:internal/stream_base_commons:150:3)
    at Socket._writeGeneric (node:net:966:11)
    at Socket._write (node:net:978:8)
    at writeOrBuffer (node:internal/streams/writable:570:12)
    at _write (node:internal/streams/writable:499:10)
    at Writable.write (node:internal/streams/writable:508:10)
    at Console.log (/home/miguel/projects/coaster/node_modules/winston/lib/winston/transports/console.js:87:23)
    at Console._write (/home/miguel/projects/coaster/node_modules/winston-transport/modern.js:103:17)
    at doWrite (/home/miguel/projects/coaster/node_modules/readable-stream/lib/_stream_writable.js:390:139)
[error] 
[error] Error: An unexpected error has occurred.
[debug] [2026-04-10T22:30:00.210Z] Error: write EIO
    at afterWriteDispatched (node:internal/stream_base_commons:159:15)
    at writeGeneric (node:internal/stream_base_commons:150:3)
    at Socket._writeGeneric (node:net:966:11)
    at Socket._write (node:net:978:8)
    at writeOrBuffer (node:internal/streams/writable:570:12)
    at _write (node:internal/streams/writable:499:10)
    at Writable.write (node:internal/streams/writable:508:10)
    at Console.log (/home/miguel/projects/coaster/node_modules/winston/lib/winston/transports/console.js:87:23)
    at Console._write (/home/miguel/projects/coaster/node_modules/winston-transport/modern.js:103:17)
    at doWrite (/home/miguel/projects/coaster/node_modules/readable-stream/lib/_stream_writable.js:390:139)
[error] 
[error] Error: An unexpected error has occurred.
[debug] [2026-04-10T22:30:00.211Z] Error: write EIO
    at afterWriteDispatched (node:internal/stream_base_commons:159:15)
    at writeGeneric (node:internal/stream_base_commons:150:3)
    at Socket._writeGeneric (node:net:966:11)
    at Socket._write (node:net:978:8)
    at writeOrBuffer (node:internal/streams/writable:570:12)
    at _write (node:internal/streams/writable:499:10)
    at Writable.write (node:internal/streams/writable:508:10)
    at Console.log (/home/miguel/projects/coaster/node_modules/winston/lib/winston/transports/console.js:87:23)
    at Console._write (/home/miguel/projects/coaster/node_modules/winston-transport/modern.js:103:17)
    at doWrite (/home/miguel/projects/coaster/node_modules/readable-stream/lib/_stream_writable.js:390:139)
[error] 
[error] Error: An unexpected error has occurred.
[debug] [2026-04-10T22:30:00.212Z] Error: write EIO
    at afterWriteDispatched (node:internal/stream_base_commons:159:15)
    at writeGeneric (node:internal/stream_base_commons:150:3)
    at Socket._writeGeneric (node:net:966:11)
    at Socket._write (node:net:978:8)
    at writeOrBuffer (node:internal/streams/writable:570:12)
    at _write (node:internal/streams/writable:499:10)
    at Writable.write (node:internal/streams/writable:508:10)
    at Console.log (/home/miguel/projects/coaster/node_modules/winston/lib/winston/transports/console.js:87:23)
    at Console._write (/home/miguel/projects/coaster/node_modules/winston-transport/modern.js:103:17)
    at doWrite (/home/miguel/projects/coaster/node_modules/readable-stream/lib/_stream_writable.js:390:139)
[error] 
[error] Error: An unexpected error has occurred.
[debug] [2026-04-10T22:30:00.213Z] Error: write EIO
    at afterWriteDispatched (node:internal/stream_base_commons:159:15)
    at writeGeneric (node:internal/stream_base_commons:150:3)
    at Socket._writeGeneric (node:net:966:11)
    at Socket._write (node:net:978:8)
    at writeOrBuffer (node:internal/streams/writable:570:12)
    at _write (node:internal/streams/writable:499:10)
    at Writable.write (node:internal/streams/writable:508:10)
    at Console.log (/home/miguel/projects/coaster/node_modules/winston/lib/winston/transports/console.js:87:23)
    at Console._write (/home/miguel/projects/coaster/node_modules/winston-transport/modern.js:103:17)
    at doWrite (/home/miguel/projects/coaster/node_modules/readable-stream/lib/_stream_writable.js:390:139)
[error] 
[error] Error: An unexpected error has occurred.
[debug] [2026-04-10T22:30:00.213Z] Error: write EIO
    at afterWriteDispatched (node:internal/stream_base_commons:159:15)
    at writeGeneric (node:internal/stream_base_commons:150:3)
    at Socket._writeGeneric (node:net:966:11)
    at Socket._write (node:net:978:8)
    at writeOrBuffer (node:internal/streams/writable:570:12)
    at _write (node:internal/streams/writable:499:10)
    at Writable.write (node:internal/streams/writable:508:10)
    at Console.log (/home/miguel/projects/coaster/node_modules/winston/lib/winston/transports/console.js:87:23)
    at Console._write (/home/miguel/projects/coaster/node_modules/winston-transport/modern.js:103:17)
    at doWrite (/home/miguel/projects/coaster/node_modules/readable-stream/lib/_stream_writable.js:390:139)
[error] 
[error] Error: An unexpected error has occurred.
[debug] [2026-04-10T22:30:00.214Z] Error: write EIO
    at afterWriteDispatched (node:internal/stream_base_commons:159:15)
    at writeGeneric (node:internal/stream_base_commons:150:3)
    at Socket._writeGeneric (node:net:966:11)
    at Socket._write (node:net:978:8)
    at writeOrBuffer (node:internal/streams/writable:570:12)
    at _write (node:internal/streams/writable:499:10)
    at Writable.write (node:internal/streams/writable:508:10)
    at Console.log (/home/miguel/projects/coaster/node_modules/winston/lib/winston/transports/console.js:87:23)
    at Console._write (/home/miguel/projects/coaster/node_modules/winston-transport/modern.js:103:17)
    at doWrite (/home/miguel/projects/coaster/node_modules/readable-stream/lib/_stream_writable.js:390:139)
[error] 
[error] Error: An unexpected error has occurred.
[debug] [2026-04-10T22:30:00.214Z] Error: write EIO
    at afterWriteDispatched (node:internal/stream_base_commons:159:15)
    at writeGeneric (node:internal/stream_base_commons:150:3)
    at Socket._writeGeneric (node:net:966:11)
    at Socket._write (node:net:978:8)
    at writeOrBuffer (node:internal/streams/writable:570:12)
    at _write (node:internal/streams/writable:499:10)
    at Writable.write (node:internal/streams/writable:508:10)
    at Console.log (/home/miguel/projects/coaster/node_modules/winston/lib/winston/transports/console.js:87:23)
    at Console._write (/home/miguel/projects/coaster/node_modules/winston-transport/modern.js:103:17)
    at doWrite (/home/miguel/projects/coaster/node_modules/readable-stream/lib/_stream_writable.js:390:139)
[error] 
[error] Error: An unexpected error has occurred.
[debug] [2026-04-10T22:30:00.215Z] Error: write EIO
    at afterWriteDispatched (node:internal/stream_base_commons:159:15)
    at writeGeneric (node:internal/stream_base_commons:150:3)
    at Socket._writeGeneric (node:net:966:11)
    at Socket._write (node:net:978:8)
    at writeOrBuffer (node:internal/streams/writable:570:12)
    at _write (node:internal/streams/writable:499:10)
    at Writable.write (node:internal/streams/writable:508:10)
    at Console.log (/home/miguel/projects/coaster/node_modules/winston/lib/winston/transports/console.js:87:23)
    at Console._write (/home/miguel/projects/coaster/node_modules/winston-transport/modern.js:103:17)
    at doWrite (/home/miguel/projects/coaster/node_modules/readable-stream/lib/_stream_writable.js:390:139)
[error] 
[error] Error: An unexpected error has occurred.
[debug] [2026-04-10T22:30:00.215Z] Error: write EIO
    at afterWriteDispatched (node:internal/stream_base_commons:159:15)
    at writeGeneric (node:internal/stream_base_commons:150:3)
    at Socket._writeGeneric (node:net:966:11)
    at Socket._write (node:net:978:8)
    at writeOrBuffer (node:internal/streams/writable:570:12)
    at _write (node:internal/streams/writable:499:10)
    at Writable.write (node:internal/streams/writable:508:10)
    at Console.log (/home/miguel/projects/coaster/node_modules/winston/lib/winston/transports/console.js:87:23)
    at Console._write (/home/miguel/projects/coaster/node_modules/winston-transport/modern.js:103:17)
    at doWrite (/home/miguel/projects/coaster/node_modules/readable-stream/lib/_stream_writable.js:390:139)
[error] 
[error] Error: An unexpected error has occurred.
[debug] [2026-04-10T22:30:00.216Z] Error: write EIO
    at afterWriteDispatched (node:internal/stream_base_commons:159:15)
    at writeGeneric (node:internal/stream_base_commons:150:3)
    at Socket._writeGeneric (node:net:966:11)
    at Socket._write (node:net:978:8)
    at writeOrBuffer (node:internal/streams/writable:570:12)
    at _write (node:internal/streams/writable:499:10)
    at Writable.write (node:internal/streams/writable:508:10)
    at Console.log (/home/miguel/projects/coaster/node_modules/winston/lib/winston/transports/console.js:87:23)
    at Console._write (/home/miguel/projects/coaster/node_modules/winston-transport/modern.js:103:17)
    at doWrite (/home/miguel/projects/coaster/node_modules/readable-stream/lib/_stream_writable.js:390:139)
[error] 
[error] Error: An unexpected error has occurred.
[debug] [2026-04-10T22:30:00.216Z] Error: write EIO
    at afterWriteDispatched (node:internal/stream_base_commons:159:15)
    at writeGeneric (node:internal/stream_base_commons:150:3)
    at Socket._writeGeneric (node:net:966:11)
    at Socket._write (node:net:978:8)
    at writeOrBuffer (node:internal/streams/writable:570:12)
    at _write (node:internal/streams/writable:499:10)
    at Writable.write (node:internal/streams/writable:508:10)
    at Console.log (/home/miguel/projects/coaster/node_modules/winston/lib/winston/transports/console.js:87:23)
    at Console._write (/home/miguel/projects/coaster/node_modules/winston-transport/modern.js:103:17)
    at doWrite (/home/miguel/projects/coaster/node_modules/readable-stream/lib/_stream_writable.js:390:139)
[error] 
[error] Error: An unexpected error has occurred.
[debug] [2026-04-10T22:30:00.217Z] Error: write EIO
    at afterWriteDispatched (node:internal/stream_base_commons:159:15)
    at writeGeneric (node:internal/stream_base_commons:150:3)
    at Socket._writeGeneric (node:net:966:11)
    at Socket._write (node:net:978:8)
    at writeOrBuffer (node:internal/streams/writable:570:12)
    at _write (node:internal/streams/writable:499:10)
    at Writable.write (node:internal/streams/writable:508:10)
    at Console.log (/home/miguel/projects/coaster/node_modules/winston/lib/winston/transports/console.js:87:23)
    at Console._write (/home/miguel/projects/coaster/node_modules/winston-transport/modern.js:103:17)
    at doWrite (/home/miguel/projects/coaster/node_modules/readable-stream/lib/_stream_writable.js:390:139)
[error] 
[error] Error: An unexpected error has occurred.
[debug] [2026-04-10T22:30:00.217Z] Error: write EIO
    at afterWriteDispatched (node:internal/stream_base_commons:159:15)
    at writeGeneric (node:internal/stream_base_commons:150:3)
    at Socket._writeGeneric (node:net:966:11)
    at Socket._write (node:net:978:8)
    at writeOrBuffer (node:internal/streams/writable:570:12)
    at _write (node:internal/streams/writable:499:10)
    at Writable.write (node:internal/streams/writable:508:10)
    at Console.log (/home/miguel/projects/coaster/node_modules/winston/lib/winston/transports/console.js:87:23)
    at Console._write (/home/miguel/projects/coaster/node_modules/winston-transport/modern.js:103:17)
    at doWrite (/home/miguel/projects/coaster/node_modules/readable-stream/lib/_stream_writable.js:390:139)
[error] 
[error] Error: An unexpected error has occurred.
[debug] [2026-04-10T22:30:00.218Z] Error: write EIO
    at afterWriteDispatched (node:internal/stream_base_commons:159:15)
    at writeGeneric (node:internal/stream_base_commons:150:3)
    at Socket._writeGeneric (node:net:966:11)
    at Socket._write (node:net:978:8)
    at writeOrBuffer (node:internal/streams/writable:570:12)
    at _write (node:internal/streams/writable:499:10)
    at Writable.write (node:internal/streams/writable:508:10)
    at Console.log (/home/miguel/projects/coaster/node_modules/winston/lib/winston/transports/console.js:87:23)
    at Console._write (/home/miguel/projects/coaster/node_modules/winston-transport/modern.js:103:17)
    at doWrite (/home/miguel/projects/coaster/node_modules/readable-stream/lib/_stream_writable.js:390:139)
[error] 
[error] Error: An unexpected error has occurred.
[debug] [2026-04-10T22:30:00.218Z] Error: write EIO
    at afterWriteDispatched (node:internal/stream_base_commons:159:15)
    at writeGeneric (node:internal/stream_base_commons:150:3)
    at Socket._writeGeneric (node:net:966:11)
    at Socket._write (node:net:978:8)
    at writeOrBuffer (node:internal/streams/writable:570:12)
    at _write (node:internal/streams/writable:499:10)
    at Writable.write (node:internal/streams/writable:508:10)
    at Console.log (/home/miguel/projects/coaster/node_modules/winston/lib/winston/transports/console.js:87:23)
    at Console._write (/home/miguel/projects/coaster/node_modules/winston-transport/modern.js:103:17)
    at doWrite (/home/miguel/projects/coaster/node_modules/readable-stream/lib/_stream_writable.js:390:139)
[error] 
[error] Error: An unexpected error has occurred.
[debug] [2026-04-10T22:30:00.219Z] Error: write EIO
    at afterWriteDispatched (node:internal/stream_base_commons:159:15)
    at writeGeneric (node:internal/stream_base_commons:150:3)
    at Socket._writeGeneric (node:net:966:11)
    at Socket._write (node:net:978:8)
    at writeOrBuffer (node:internal/streams/writable:570:12)
    at _write (node:internal/streams/writable:499:10)
    at Writable.write (node:internal/streams/writable:508:10)
    at Console.log (/home/miguel/projects/coaster/node_modules/winston/lib/winston/transports/console.js:87:23)
    at Console._write (/home/miguel/projects/coaster/node_modules/winston-transport/modern.js:103:17)
    at doWrite (/home/miguel/projects/coaster/node_modules/readable-stream/lib/_stream_writable.js:390:139)
[error] 
[error] Error: An unexpected error has occurred.
[debug] [2026-04-10T22:30:00.220Z] Error: write EIO
    at afterWriteDispatched (node:internal/stream_base_commons:159:15)
    at writeGeneric (node:internal/stream_base_commons:150:3)
    at Socket._writeGeneric (node:net:966:11)
    at Socket._write (node:net:978:8)
    at writeOrBuffer (node:internal/streams/writable:570:12)
    at _write (node:internal/streams/writable:499:10)
    at Writable.write (node:internal/streams/writable:508:10)
    at Console.log (/home/miguel/projects/coaster/node_modules/winston/lib/winston/transports/console.js:87:23)
    at Console._write (/home/miguel/projects/coaster/node_modules/winston-transport/modern.js:103:17)
    at doWrite (/home/miguel/projects/coaster/node_modules/readable-stream/lib/_stream_writable.js:390:139)
[error] 
[error] Error: An unexpected error has occurred.
[debug] [2026-04-10T22:30:00.223Z] Error: write EIO
    at afterWriteDispatched (node:internal/stream_base_commons:159:15)
    at writeGeneric (node:internal/stream_base_commons:150:3)
    at Socket._writeGeneric (node:net:966:11)
    at Socket._write (node:net:978:8)
    at writeOrBuffer (node:internal/streams/writable:570:12)
    at _write (node:internal/streams/writable:499:10)
    at Writable.write (node:internal/streams/writable:508:10)
    at Console.log (/home/miguel/projects/coaster/node_modules/winston/lib/winston/transports/console.js:87:23)
    at Console._write (/home/miguel/projects/coaster/node_modules/winston-transport/modern.js:103:17)
    at doWrite (/home/miguel/projects/coaster/node_modules/readable-stream/lib/_stream_writable.js:390:139)
[error] 
[error] Error: An unexpected error has occurred.
[debug] [2026-04-10T22:30:00.224Z] Error: write EIO
    at afterWriteDispatched (node:internal/stream_base_commons:159:15)
    at writeGeneric (node:internal/stream_base_commons:150:3)
    at Socket._writeGeneric (node:net:966:11)
    at Socket._write (node:net:978:8)
    at writeOrBuffer (node:internal/streams/writable:570:12)
    at _write (node:internal/streams/writable:499:10)
    at Writable.write (node:internal/streams/writable:508:10)
    at Console.log (/home/miguel/projects/coaster/node_modules/winston/lib/winston/transports/console.js:87:23)
    at Console._write (/home/miguel/projects/coaster/node_modules/winston-transport/modern.js:103:17)
    at doWrite (/home/miguel/projects/coaster/node_modules/readable-stream/lib/_stream_writable.js:390:139)
[error] 
[debug] [2026-04-11T19:40:58.805Z] ----------------------------------------------------------------------
[debug] [2026-04-11T19:40:58.807Z] Command:       /home/miguel/.local/share/fnm/node-versions/v24.14.1/installation/bin/node /home/miguel/projects/coaster/node_modules/.bin/firebase emulators:start --only auth
[debug] [2026-04-11T19:40:58.808Z] CLI Version:   15.13.0
[debug] [2026-04-11T19:40:58.808Z] Platform:      linux
[debug] [2026-04-11T19:40:58.808Z] Node Version:  v24.14.1
[debug] [2026-04-11T19:40:58.808Z] Time:          Sat Apr 11 2026 21:40:58 GMT+0200 (Central European Summer Time)
[debug] [2026-04-11T19:40:58.809Z] ----------------------------------------------------------------------
[debug] 
[debug] [2026-04-11T19:40:58.814Z] >>> [apiv2][query] GET https://firebase-public.firebaseio.com/cli.json [none]
[debug] [2026-04-11T19:41:00.765Z] > command requires scopes: ["email","openid","https://www.googleapis.com/auth/cloudplatformprojects.readonly","https://www.googleapis.com/auth/firebase","https://www.googleapis.com/auth/cloud-platform"]
[debug] [2026-04-11T19:41:00.766Z] > authorizing via signed-in user (miguelmoyaortega@gmail.com)
[info] i  emulators: Starting emulators: auth {"metadata":{"emulator":{"name":"hub"},"message":"Starting emulators: auth"}}
[debug] [2026-04-11T19:41:00.803Z] assigned listening specs for emulators {"user":{"hub":[{"address":"127.0.0.1","family":"IPv4","port":4400}],"ui":[{"address":"127.0.0.1","family":"IPv4","port":4000}],"logging":[{"address":"127.0.0.1","family":"IPv4","port":4500}],"auth":[{"address":"127.0.0.1","family":"IPv4","port":9099}]},"metadata":{"message":"assigned listening specs for emulators"}}
[debug] [2026-04-11T19:41:00.811Z] Write emulator hub locator at /tmp/hub-coaster-437f2.json
[debug] [2026-04-11T19:41:10.109Z] Could not find VSCode notification endpoint: FetchError: request to http://localhost:40001/vscode/notify failed, reason: connect ECONNREFUSED 127.0.0.1:40001. If you are not running the Firebase Data Connect VSCode extension, this is expected and not an issue.
[info] 
┌─────────────────────────────────────────────────────────────┐
│ ✔  All emulators ready! It is now safe to connect your app. │
│ i  View Emulator UI at http://127.0.0.1:4000/               │
└─────────────────────────────────────────────────────────────┘

┌────────────────┬────────────────┬────────────────────────────┐
│ Emulator       │ Host:Port      │ View in Emulator UI        │
├────────────────┼────────────────┼────────────────────────────┤
│ Authentication │ 127.0.0.1:9099 │ http://127.0.0.1:4000/auth │
└────────────────┴────────────────┴────────────────────────────┘
  Emulator Hub host: 127.0.0.1 port: 4400
  Other reserved ports: 4500

Issues? Report them at https://github.com/firebase/firebase-tools/issues and attach the *-debug.log files.
 
[debug] [2026-04-11T19:41:10.413Z] <<< [apiv2][status] GET https://firebase-public.firebaseio.com/cli.json 200
[debug] [2026-04-11T19:41:10.413Z] <<< [apiv2][body] GET https://firebase-public.firebaseio.com/cli.json {"cloudBuildErrorAfter":1594252800000,"cloudBuildWarnAfter":1590019200000,"defaultNode10After":1594252800000,"minVersion":"3.0.5","node8DeploysDisabledAfter":1613390400000,"node8RuntimeDisabledAfter":1615809600000,"node8WarnAfter":1600128000000}
[debug] [2026-04-11T21:08:32.211Z] Received signal SIGHUP 1
[info]  
[info] i  emulators: Received SIGHUP for the first time. Starting a clean shutdown. 
[info] i  emulators: Please wait for a clean shutdown or send the SIGHUP signal again to stop right now. 
[debug] [2026-04-11T21:08:32.424Z] Error: write EIO
    at afterWriteDispatched (node:internal/stream_base_commons:159:15)
    at writeGeneric (node:internal/stream_base_commons:150:3)
    at Socket._writeGeneric (node:net:966:11)
    at Socket._write (node:net:978:8)
    at writeOrBuffer (node:internal/streams/writable:570:12)
    at _write (node:internal/streams/writable:499:10)
    at Writable.write (node:internal/streams/writable:508:10)
    at Console.log (/home/miguel/projects/coaster/node_modules/winston/lib/winston/transports/console.js:87:23)
    at Console._write (/home/miguel/projects/coaster/node_modules/winston-transport/modern.js:103:17)
    at doWrite (/home/miguel/projects/coaster/node_modules/readable-stream/lib/_stream_writable.js:390:139)
[error] 
[error] Error: An unexpected error has occurred.
[debug] [2026-04-11T21:08:32.428Z] Error: write EIO
    at afterWriteDispatched (node:internal/stream_base_commons:159:15)
    at writeGeneric (node:internal/stream_base_commons:150:3)
    at Socket._writeGeneric (node:net:966:11)
    at Socket._write (node:net:978:8)
    at writeOrBuffer (node:internal/streams/writable:570:12)
    at _write (node:internal/streams/writable:499:10)
    at Writable.write (node:internal/streams/writable:508:10)
    at Console.log (/home/miguel/projects/coaster/node_modules/winston/lib/winston/transports/console.js:87:23)
    at Console._write (/home/miguel/projects/coaster/node_modules/winston-transport/modern.js:103:17)
    at doWrite (/home/miguel/projects/coaster/node_modules/readable-stream/lib/_stream_writable.js:390:139)
[error] 
[error] Error: An unexpected error has occurred.
[debug] [2026-04-11T21:08:32.430Z] Error: write EIO
    at afterWriteDispatched (node:internal/stream_base_commons:159:15)
    at writeGeneric (node:internal/stream_base_commons:150:3)
    at Socket._writeGeneric (node:net:966:11)
    at Socket._write (node:net:978:8)
    at writeOrBuffer (node:internal/streams/writable:570:12)
    at _write (node:internal/streams/writable:499:10)
    at Writable.write (node:internal/streams/writable:508:10)
    at Console.log (/home/miguel/projects/coaster/node_modules/winston/lib/winston/transports/console.js:87:23)
    at Console._write (/home/miguel/projects/coaster/node_modules/winston-transport/modern.js:103:17)
    at doWrite (/home/miguel/projects/coaster/node_modules/readable-stream/lib/_stream_writable.js:390:139)
[error] 
[error] Error: An unexpected error has occurred.
[debug] [2026-04-11T21:08:32.432Z] Error: write EIO
    at afterWriteDispatched (node:internal/stream_base_commons:159:15)
    at writeGeneric (node:internal/stream_base_commons:150:3)
    at Socket._writeGeneric (node:net:966:11)
    at Socket._write (node:net:978:8)
    at writeOrBuffer (node:internal/streams/writable:570:12)
    at _write (node:internal/streams/writable:499:10)
    at Writable.write (node:internal/streams/writable:508:10)
    at Console.log (/home/miguel/projects/coaster/node_modules/winston/lib/winston/transports/console.js:87:23)
    at Console._write (/home/miguel/projects/coaster/node_modules/winston-transport/modern.js:103:17)
    at doWrite (/home/miguel/projects/coaster/node_modules/readable-stream/lib/_stream_writable.js:390:139)
[error] 
[error] Error: An unexpected error has occurred.
[debug] [2026-04-11T21:08:32.433Z] Error: write EIO
    at afterWriteDispatched (node:internal/stream_base_commons:159:15)
    at writeGeneric (node:internal/stream_base_commons:150:3)
    at Socket._writeGeneric (node:net:966:11)
    at Socket._write (node:net:978:8)
    at writeOrBuffer (node:internal/streams/writable:570:12)
    at _write (node:internal/streams/writable:499:10)
    at Writable.write (node:internal/streams/writable:508:10)
    at Console.log (/home/miguel/projects/coaster/node_modules/winston/lib/winston/transports/console.js:87:23)
    at Console._write (/home/miguel/projects/coaster/node_modules/winston-transport/modern.js:103:17)
    at doWrite (/home/miguel/projects/coaster/node_modules/readable-stream/lib/_stream_writable.js:390:139)
[error] 
[error] Error: An unexpected error has occurred.
[debug] [2026-04-11T21:08:32.437Z] Error: write EIO
    at afterWriteDispatched (node:internal/stream_base_commons:159:15)
    at writeGeneric (node:internal/stream_base_commons:150:3)
    at Socket._writeGeneric (node:net:966:11)
    at Socket._write (node:net:978:8)
    at writeOrBuffer (node:internal/streams/writable:570:12)
    at _write (node:internal/streams/writable:499:10)
    at Writable.write (node:internal/streams/writable:508:10)
    at Console.log (/home/miguel/projects/coaster/node_modules/winston/lib/winston/transports/console.js:87:23)
    at Console._write (/home/miguel/projects/coaster/node_modules/winston-transport/modern.js:103:17)
    at doWrite (/home/miguel/projects/coaster/node_modules/readable-stream/lib/_stream_writable.js:390:139)
[error] 
[error] Error: An unexpected error has occurred.
[debug] [2026-04-11T21:08:32.437Z] Error: write EIO
    at afterWriteDispatched (node:internal/stream_base_commons:159:15)
    at writeGeneric (node:internal/stream_base_commons:150:3)
    at Socket._writeGeneric (node:net:966:11)
    at Socket._write (node:net:978:8)
    at writeOrBuffer (node:internal/streams/writable:570:12)
    at _write (node:internal/streams/writable:499:10)
    at Writable.write (node:internal/streams/writable:508:10)
    at Console.log (/home/miguel/projects/coaster/node_modules/winston/lib/winston/transports/console.js:87:23)
    at Console._write (/home/miguel/projects/coaster/node_modules/winston-transport/modern.js:103:17)
    at doWrite (/home/miguel/projects/coaster/node_modules/readable-stream/lib/_stream_writable.js:390:139)
[error] 
[error] Error: An unexpected error has occurred.
[debug] [2026-04-11T21:08:32.439Z] Error: write EIO
    at afterWriteDispatched (node:internal/stream_base_commons:159:15)
    at writeGeneric (node:internal/stream_base_commons:150:3)
    at Socket._writeGeneric (node:net:966:11)
    at Socket._write (node:net:978:8)
    at writeOrBuffer (node:internal/streams/writable:570:12)
    at _write (node:internal/streams/writable:499:10)
    at Writable.write (node:internal/streams/writable:508:10)
    at Console.log (/home/miguel/projects/coaster/node_modules/winston/lib/winston/transports/console.js:87:23)
    at Console._write (/home/miguel/projects/coaster/node_modules/winston-transport/modern.js:103:17)
    at doWrite (/home/miguel/projects/coaster/node_modules/readable-stream/lib/_stream_writable.js:390:139)
[error] 
[error] Error: An unexpected error has occurred.
[debug] [2026-04-11T21:08:32.440Z] Error: write EIO
    at afterWriteDispatched (node:internal/stream_base_commons:159:15)
    at writeGeneric (node:internal/stream_base_commons:150:3)
    at Socket._writeGeneric (node:net:966:11)
    at Socket._write (node:net:978:8)
    at writeOrBuffer (node:internal/streams/writable:570:12)
    at _write (node:internal/streams/writable:499:10)
    at Writable.write (node:internal/streams/writable:508:10)
    at Console.log (/home/miguel/projects/coaster/node_modules/winston/lib/winston/transports/console.js:87:23)
    at Console._write (/home/miguel/projects/coaster/node_modules/winston-transport/modern.js:103:17)
    at doWrite (/home/miguel/projects/coaster/node_modules/readable-stream/lib/_stream_writable.js:390:139)
[error] 
[error] Error: An unexpected error has occurred.
[debug] [2026-04-11T21:08:32.445Z] Error: write EIO
    at afterWriteDispatched (node:internal/stream_base_commons:159:15)
    at writeGeneric (node:internal/stream_base_commons:150:3)
    at Socket._writeGeneric (node:net:966:11)
    at Socket._write (node:net:978:8)
    at writeOrBuffer (node:internal/streams/writable:570:12)
    at _write (node:internal/streams/writable:499:10)
    at Writable.write (node:internal/streams/writable:508:10)
    at Console.log (/home/miguel/projects/coaster/node_modules/winston/lib/winston/transports/console.js:87:23)
    at Console._write (/home/miguel/projects/coaster/node_modules/winston-transport/modern.js:103:17)
    at doWrite (/home/miguel/projects/coaster/node_modules/readable-stream/lib/_stream_writable.js:390:139)
[error] 
[error] Error: An unexpected error has occurred.
[debug] [2026-04-11T21:08:32.446Z] Error: write EIO
    at afterWriteDispatched (node:internal/stream_base_commons:159:15)
    at writeGeneric (node:internal/stream_base_commons:150:3)
    at Socket._writeGeneric (node:net:966:11)
    at Socket._write (node:net:978:8)
    at writeOrBuffer (node:internal/streams/writable:570:12)
    at _write (node:internal/streams/writable:499:10)
    at Writable.write (node:internal/streams/writable:508:10)
    at Console.log (/home/miguel/projects/coaster/node_modules/winston/lib/winston/transports/console.js:87:23)
    at Console._write (/home/miguel/projects/coaster/node_modules/winston-transport/modern.js:103:17)
    at doWrite (/home/miguel/projects/coaster/node_modules/readable-stream/lib/_stream_writable.js:390:139)
[error] 
[error] Error: An unexpected error has occurred.
[debug] [2026-04-11T21:08:32.448Z] Error: write EIO
    at afterWriteDispatched (node:internal/stream_base_commons:159:15)
    at writeGeneric (node:internal/stream_base_commons:150:3)
    at Socket._writeGeneric (node:net:966:11)
    at Socket._write (node:net:978:8)
    at writeOrBuffer (node:internal/streams/writable:570:12)
    at _write (node:internal/streams/writable:499:10)
    at Writable.write (node:internal/streams/writable:508:10)
    at Console.log (/home/miguel/projects/coaster/node_modules/winston/lib/winston/transports/console.js:87:23)
    at Console._write (/home/miguel/projects/coaster/node_modules/winston-transport/modern.js:103:17)
    at doWrite (/home/miguel/projects/coaster/node_modules/readable-stream/lib/_stream_writable.js:390:139)
[error] 
[error] Error: An unexpected error has occurred.
[debug] [2026-04-11T21:08:32.449Z] Error: write EIO
    at afterWriteDispatched (node:internal/stream_base_commons:159:15)
    at writeGeneric (node:internal/stream_base_commons:150:3)
    at Socket._writeGeneric (node:net:966:11)
    at Socket._write (node:net:978:8)
    at writeOrBuffer (node:internal/streams/writable:570:12)
    at _write (node:internal/streams/writable:499:10)
    at Writable.write (node:internal/streams/writable:508:10)
    at Console.log (/home/miguel/projects/coaster/node_modules/winston/lib/winston/transports/console.js:87:23)
    at Console._write (/home/miguel/projects/coaster/node_modules/winston-transport/modern.js:103:17)
    at doWrite (/home/miguel/projects/coaster/node_modules/readable-stream/lib/_stream_writable.js:390:139)
[error] 
[error] Error: An unexpected error has occurred.
[debug] [2026-04-11T21:08:32.450Z] Error: write EIO
    at afterWriteDispatched (node:internal/stream_base_commons:159:15)
    at writeGeneric (node:internal/stream_base_commons:150:3)
    at Socket._writeGeneric (node:net:966:11)
    at Socket._write (node:net:978:8)
    at writeOrBuffer (node:internal/streams/writable:570:12)
    at _write (node:internal/streams/writable:499:10)
    at Writable.write (node:internal/streams/writable:508:10)
    at Console.log (/home/miguel/projects/coaster/node_modules/winston/lib/winston/transports/console.js:87:23)
    at Console._write (/home/miguel/projects/coaster/node_modules/winston-transport/modern.js:103:17)
    at doWrite (/home/miguel/projects/coaster/node_modules/readable-stream/lib/_stream_writable.js:390:139)
[error] 
[error] Error: An unexpected error has occurred.
[debug] [2026-04-11T21:08:32.452Z] Error: write EIO
    at afterWriteDispatched (node:internal/stream_base_commons:159:15)
    at writeGeneric (node:internal/stream_base_commons:150:3)
    at Socket._writeGeneric (node:net:966:11)
    at Socket._write (node:net:978:8)
    at writeOrBuffer (node:internal/streams/writable:570:12)
    at _write (node:internal/streams/writable:499:10)
    at Writable.write (node:internal/streams/writable:508:10)
    at Console.log (/home/miguel/projects/coaster/node_modules/winston/lib/winston/transports/console.js:87:23)
    at Console._write (/home/miguel/projects/coaster/node_modules/winston-transport/modern.js:103:17)
    at doWrite (/home/miguel/projects/coaster/node_modules/readable-stream/lib/_stream_writable.js:390:139)
[error] 
[error] Error: An unexpected error has occurred.
[debug] [2026-04-11T21:08:32.457Z] Error: write EIO
    at afterWriteDispatched (node:internal/stream_base_commons:159:15)
    at writeGeneric (node:internal/stream_base_commons:150:3)
    at Socket._writeGeneric (node:net:966:11)
    at Socket._write (node:net:978:8)
    at writeOrBuffer (node:internal/streams/writable:570:12)
    at _write (node:internal/streams/writable:499:10)
    at Writable.write (node:internal/streams/writable:508:10)
    at Console.log (/home/miguel/projects/coaster/node_modules/winston/lib/winston/transports/console.js:87:23)
    at Console._write (/home/miguel/projects/coaster/node_modules/winston-transport/modern.js:103:17)
    at doWrite (/home/miguel/projects/coaster/node_modules/readable-stream/lib/_stream_writable.js:390:139)
[error] 
[error] Error: An unexpected error has occurred.
[debug] [2026-04-11T21:08:32.458Z] Error: write EIO
    at afterWriteDispatched (node:internal/stream_base_commons:159:15)
    at writeGeneric (node:internal/stream_base_commons:150:3)
    at Socket._writeGeneric (node:net:966:11)
    at Socket._write (node:net:978:8)
    at writeOrBuffer (node:internal/streams/writable:570:12)
    at _write (node:internal/streams/writable:499:10)
    at Writable.write (node:internal/streams/writable:508:10)
    at Console.log (/home/miguel/projects/coaster/node_modules/winston/lib/winston/transports/console.js:87:23)
    at Console._write (/home/miguel/projects/coaster/node_modules/winston-transport/modern.js:103:17)
    at doWrite (/home/miguel/projects/coaster/node_modules/readable-stream/lib/_stream_writable.js:390:139)
[error] 
[error] Error: An unexpected error has occurred.
[debug] [2026-04-11T21:08:32.463Z] Error: write EIO
    at afterWriteDispatched (node:internal/stream_base_commons:159:15)
    at writeGeneric (node:internal/stream_base_commons:150:3)
    at Socket._writeGeneric (node:net:966:11)
    at Socket._write (node:net:978:8)
    at writeOrBuffer (node:internal/streams/writable:570:12)
    at _write (node:internal/streams/writable:499:10)
    at Writable.write (node:internal/streams/writable:508:10)
    at Console.log (/home/miguel/projects/coaster/node_modules/winston/lib/winston/transports/console.js:87:23)
    at Console._write (/home/miguel/projects/coaster/node_modules/winston-transport/modern.js:103:17)
    at doWrite (/home/miguel/projects/coaster/node_modules/readable-stream/lib/_stream_writable.js:390:139)
[error] 
[error] Error: An unexpected error has occurred.
[debug] [2026-04-13T06:43:18.716Z] ----------------------------------------------------------------------
[debug] [2026-04-13T06:43:18.718Z] Command:       /home/miguel/.local/share/fnm/node-versions/v24.14.1/installation/bin/node /home/miguel/projects/coaster/node_modules/.bin/firebase emulators:start --only auth
[debug] [2026-04-13T06:43:18.718Z] CLI Version:   15.13.0
[debug] [2026-04-13T06:43:18.718Z] Platform:      linux
[debug] [2026-04-13T06:43:18.718Z] Node Version:  v24.14.1
[debug] [2026-04-13T06:43:18.719Z] Time:          Mon Apr 13 2026 08:43:18 GMT+0200 (Central European Summer Time)
[debug] [2026-04-13T06:43:18.719Z] ----------------------------------------------------------------------
[debug] 
[debug] [2026-04-13T06:43:18.720Z] >>> [apiv2][query] GET https://firebase-public.firebaseio.com/cli.json [none]
[debug] [2026-04-13T06:43:20.096Z] > command requires scopes: ["email","openid","https://www.googleapis.com/auth/cloudplatformprojects.readonly","https://www.googleapis.com/auth/firebase","https://www.googleapis.com/auth/cloud-platform"]
[debug] [2026-04-13T06:43:20.097Z] > authorizing via signed-in user (miguelmoyaortega@gmail.com)
[info] i  emulators: Starting emulators: auth {"metadata":{"emulator":{"name":"hub"},"message":"Starting emulators: auth"}}
[debug] [2026-04-13T06:43:20.138Z] assigned listening specs for emulators {"user":{"hub":[{"address":"127.0.0.1","family":"IPv4","port":4400}],"ui":[{"address":"127.0.0.1","family":"IPv4","port":4000}],"logging":[{"address":"127.0.0.1","family":"IPv4","port":4500}],"auth":[{"address":"127.0.0.1","family":"IPv4","port":9099}]},"metadata":{"message":"assigned listening specs for emulators"}}
[debug] [2026-04-13T06:43:20.142Z] Write emulator hub locator at /tmp/hub-coaster-437f2.json
[debug] [2026-04-13T06:43:25.491Z] Could not find VSCode notification endpoint: FetchError: request to http://localhost:40001/vscode/notify failed, reason: connect ECONNREFUSED 127.0.0.1:40001. If you are not running the Firebase Data Connect VSCode extension, this is expected and not an issue.
[info] 
┌─────────────────────────────────────────────────────────────┐
│ ✔  All emulators ready! It is now safe to connect your app. │
│ i  View Emulator UI at http://127.0.0.1:4000/               │
└─────────────────────────────────────────────────────────────┘

┌────────────────┬────────────────┬────────────────────────────┐
│ Emulator       │ Host:Port      │ View in Emulator UI        │
├────────────────┼────────────────┼────────────────────────────┤
│ Authentication │ 127.0.0.1:9099 │ http://127.0.0.1:4000/auth │
└────────────────┴────────────────┴────────────────────────────┘
  Emulator Hub host: 127.0.0.1 port: 4400
  Other reserved ports: 4500

Issues? Report them at https://github.com/firebase/firebase-tools/issues and attach the *-debug.log files.
 
[debug] [2026-04-13T06:43:25.697Z] <<< [apiv2][status] GET https://firebase-public.firebaseio.com/cli.json 200
[debug] [2026-04-13T06:43:25.697Z] <<< [apiv2][body] GET https://firebase-public.firebaseio.com/cli.json {"cloudBuildErrorAfter":1594252800000,"cloudBuildWarnAfter":1590019200000,"defaultNode10After":1594252800000,"minVersion":"3.0.5","node8DeploysDisabledAfter":1613390400000,"node8RuntimeDisabledAfter":1615809600000,"node8WarnAfter":1600128000000}
